2024-06-27 09:24:08 Error: [MissingActionException] Action LoginController::registro() could not be found.
Exception Attributes: array (
  'controller' => 'LoginController',
  'action' => 'registro',
)
Request URL: /login/registro
Stack Trace:
#0 /opt/sites/logincake-admin/www/lib/Cake/Routing/Dispatcher.php(193): Controller->invokeAction()
#1 /opt/sites/logincake-admin/www/lib/Cake/Routing/Dispatcher.php(167): Dispatcher->_invoke()
#2 /opt/sites/logincake-admin/www/app/webroot/index.php(117): Dispatcher->dispatch()
#3 {main}
2024-06-27 09:25:13 Error: [MissingActionException] Action LoginController::registro() could not be found.
Exception Attributes: array (
  'controller' => 'LoginController',
  'action' => 'registro',
)
Request URL: /login/registro
Stack Trace:
#0 /opt/sites/logincake-admin/www/lib/Cake/Routing/Dispatcher.php(193): Controller->invokeAction()
#1 /opt/sites/logincake-admin/www/lib/Cake/Routing/Dispatcher.php(167): Dispatcher->_invoke()
#2 /opt/sites/logincake-admin/www/app/webroot/index.php(117): Dispatcher->dispatch()
#3 {main}
2024-06-27 09:26:08 Error: [MissingActionException] Action LoginController::registro() could not be found.
Exception Attributes: array (
  'controller' => 'LoginController',
  'action' => 'registro',
)
Request URL: /login/registro
Stack Trace:
#0 /opt/sites/logincake-admin/www/lib/Cake/Routing/Dispatcher.php(193): Controller->invokeAction()
#1 /opt/sites/logincake-admin/www/lib/Cake/Routing/Dispatcher.php(167): Dispatcher->_invoke()
#2 /opt/sites/logincake-admin/www/app/webroot/index.php(117): Dispatcher->dispatch()
#3 {main}
2024-06-27 09:26:08 Error: [MissingActionException] Action LoginController::registro() could not be found.
Exception Attributes: array (
  'controller' => 'LoginController',
  'action' => 'registro',
)
Request URL: /login/registro
Stack Trace:
#0 /opt/sites/logincake-admin/www/lib/Cake/Routing/Dispatcher.php(193): Controller->invokeAction()
#1 /opt/sites/logincake-admin/www/lib/Cake/Routing/Dispatcher.php(167): Dispatcher->_invoke()
#2 /opt/sites/logincake-admin/www/app/webroot/index.php(117): Dispatcher->dispatch()
#3 {main}
2024-06-27 09:26:10 Error: [MissingActionException] Action LoginController::registro() could not be found.
Exception Attributes: array (
  'controller' => 'LoginController',
  'action' => 'registro',
)
Request URL: /login/registro
Stack Trace:
#0 /opt/sites/logincake-admin/www/lib/Cake/Routing/Dispatcher.php(193): Controller->invokeAction()
#1 /opt/sites/logincake-admin/www/lib/Cake/Routing/Dispatcher.php(167): Dispatcher->_invoke()
#2 /opt/sites/logincake-admin/www/app/webroot/index.php(117): Dispatcher->dispatch()
#3 {main}
2024-06-27 09:26:12 Error: [MissingActionException] Action LoginController::login() could not be found.
Exception Attributes: array (
  'controller' => 'LoginController',
  'action' => 'login',
)
Request URL: /
Stack Trace:
#0 /opt/sites/logincake-admin/www/lib/Cake/Routing/Dispatcher.php(193): Controller->invokeAction()
#1 /opt/sites/logincake-admin/www/lib/Cake/Routing/Dispatcher.php(167): Dispatcher->_invoke()
#2 /opt/sites/logincake-admin/www/app/webroot/index.php(117): Dispatcher->dispatch()
#3 {main}
2024-06-27 09:26:12 Error: [MissingActionException] Action LoginController::login() could not be found.
Exception Attributes: array (
  'controller' => 'LoginController',
  'action' => 'login',
)
Request URL: /
Stack Trace:
#0 /opt/sites/logincake-admin/www/lib/Cake/Routing/Dispatcher.php(193): Controller->invokeAction()
#1 /opt/sites/logincake-admin/www/lib/Cake/Routing/Dispatcher.php(167): Dispatcher->_invoke()
#2 /opt/sites/logincake-admin/www/app/webroot/index.php(117): Dispatcher->dispatch()
#3 {main}
2024-06-27 09:26:17 Error: [MissingActionException] Action LoginController::login() could not be found.
Exception Attributes: array (
  'controller' => 'LoginController',
  'action' => 'login',
)
Request URL: /
Stack Trace:
#0 /opt/sites/logincake-admin/www/lib/Cake/Routing/Dispatcher.php(193): Controller->invokeAction()
#1 /opt/sites/logincake-admin/www/lib/Cake/Routing/Dispatcher.php(167): Dispatcher->_invoke()
#2 /opt/sites/logincake-admin/www/app/webroot/index.php(117): Dispatcher->dispatch()
#3 {main}
2024-06-27 09:28:10 Error: [MissingActionException] Action LoginController::login() could not be found.
Exception Attributes: array (
  'controller' => 'LoginController',
  'action' => 'login',
)
Request URL: /
Stack Trace:
#0 /opt/sites/logincake-admin/www/lib/Cake/Routing/Dispatcher.php(193): Controller->invokeAction()
#1 /opt/sites/logincake-admin/www/lib/Cake/Routing/Dispatcher.php(167): Dispatcher->_invoke()
#2 /opt/sites/logincake-admin/www/app/webroot/index.php(117): Dispatcher->dispatch()
#3 {main}
2024-06-27 09:28:10 Error: [MissingActionException] Action LoginController::login() could not be found.
Exception Attributes: array (
  'controller' => 'LoginController',
  'action' => 'login',
)
Request URL: /
Stack Trace:
#0 /opt/sites/logincake-admin/www/lib/Cake/Routing/Dispatcher.php(193): Controller->invokeAction()
#1 /opt/sites/logincake-admin/www/lib/Cake/Routing/Dispatcher.php(167): Dispatcher->_invoke()
#2 /opt/sites/logincake-admin/www/app/webroot/index.php(117): Dispatcher->dispatch()
#3 {main}
2024-06-27 09:28:16 Error: [MissingActionException] Action LoginController::login() could not be found.
Exception Attributes: array (
  'controller' => 'LoginController',
  'action' => 'login',
)
Request URL: /
Stack Trace:
#0 /opt/sites/logincake-admin/www/lib/Cake/Routing/Dispatcher.php(193): Controller->invokeAction()
#1 /opt/sites/logincake-admin/www/lib/Cake/Routing/Dispatcher.php(167): Dispatcher->_invoke()
#2 /opt/sites/logincake-admin/www/app/webroot/index.php(117): Dispatcher->dispatch()
#3 {main}
2024-06-27 09:28:16 Error: [MissingActionException] Action LoginController::login() could not be found.
Exception Attributes: array (
  'controller' => 'LoginController',
  'action' => 'login',
)
Request URL: /
Stack Trace:
#0 /opt/sites/logincake-admin/www/lib/Cake/Routing/Dispatcher.php(193): Controller->invokeAction()
#1 /opt/sites/logincake-admin/www/lib/Cake/Routing/Dispatcher.php(167): Dispatcher->_invoke()
#2 /opt/sites/logincake-admin/www/app/webroot/index.php(117): Dispatcher->dispatch()
#3 {main}
2024-06-27 09:28:45 Error: [MissingActionException] Action LoginController::login() could not be found.
Exception Attributes: array (
  'controller' => 'LoginController',
  'action' => 'login',
)
Request URL: /
Stack Trace:
#0 /opt/sites/logincake-admin/www/lib/Cake/Routing/Dispatcher.php(193): Controller->invokeAction()
#1 /opt/sites/logincake-admin/www/lib/Cake/Routing/Dispatcher.php(167): Dispatcher->_invoke()
#2 /opt/sites/logincake-admin/www/app/webroot/index.php(117): Dispatcher->dispatch()
#3 {main}
2024-06-27 09:28:46 Error: [MissingActionException] Action LoginController::login() could not be found.
Exception Attributes: array (
  'controller' => 'LoginController',
  'action' => 'login',
)
Request URL: /
Stack Trace:
#0 /opt/sites/logincake-admin/www/lib/Cake/Routing/Dispatcher.php(193): Controller->invokeAction()
#1 /opt/sites/logincake-admin/www/lib/Cake/Routing/Dispatcher.php(167): Dispatcher->_invoke()
#2 /opt/sites/logincake-admin/www/app/webroot/index.php(117): Dispatcher->dispatch()
#3 {main}
2024-06-27 09:28:46 Error: [MissingActionException] Action LoginController::login() could not be found.
Exception Attributes: array (
  'controller' => 'LoginController',
  'action' => 'login',
)
Request URL: /
Stack Trace:
#0 /opt/sites/logincake-admin/www/lib/Cake/Routing/Dispatcher.php(193): Controller->invokeAction()
#1 /opt/sites/logincake-admin/www/lib/Cake/Routing/Dispatcher.php(167): Dispatcher->_invoke()
#2 /opt/sites/logincake-admin/www/app/webroot/index.php(117): Dispatcher->dispatch()
#3 {main}
2024-06-27 09:29:08 Error: [MissingActionException] Action LoginController::login() could not be found.
Exception Attributes: array (
  'controller' => 'LoginController',
  'action' => 'login',
)
Request URL: /
Stack Trace:
#0 /opt/sites/logincake-admin/www/lib/Cake/Routing/Dispatcher.php(193): Controller->invokeAction()
#1 /opt/sites/logincake-admin/www/lib/Cake/Routing/Dispatcher.php(167): Dispatcher->_invoke()
#2 /opt/sites/logincake-admin/www/app/webroot/index.php(117): Dispatcher->dispatch()
#3 {main}
2024-06-27 09:29:08 Error: [MissingActionException] Action LoginController::login() could not be found.
Exception Attributes: array (
  'controller' => 'LoginController',
  'action' => 'login',
)
Request URL: /
Stack Trace:
#0 /opt/sites/logincake-admin/www/lib/Cake/Routing/Dispatcher.php(193): Controller->invokeAction()
#1 /opt/sites/logincake-admin/www/lib/Cake/Routing/Dispatcher.php(167): Dispatcher->_invoke()
#2 /opt/sites/logincake-admin/www/app/webroot/index.php(117): Dispatcher->dispatch()
#3 {main}
2024-06-27 09:30:49 Error: [MissingActionException] Action LoginController::login() could not be found.
Exception Attributes: array (
  'controller' => 'LoginController',
  'action' => 'login',
)
Request URL: /
Stack Trace:
#0 /opt/sites/logincake-admin/www/lib/Cake/Routing/Dispatcher.php(193): Controller->invokeAction()
#1 /opt/sites/logincake-admin/www/lib/Cake/Routing/Dispatcher.php(167): Dispatcher->_invoke()
#2 /opt/sites/logincake-admin/www/app/webroot/index.php(117): Dispatcher->dispatch()
#3 {main}
2024-06-27 09:30:50 Error: [MissingActionException] Action LoginController::login() could not be found.
Exception Attributes: array (
  'controller' => 'LoginController',
  'action' => 'login',
)
Request URL: /
Stack Trace:
#0 /opt/sites/logincake-admin/www/lib/Cake/Routing/Dispatcher.php(193): Controller->invokeAction()
#1 /opt/sites/logincake-admin/www/lib/Cake/Routing/Dispatcher.php(167): Dispatcher->_invoke()
#2 /opt/sites/logincake-admin/www/app/webroot/index.php(117): Dispatcher->dispatch()
#3 {main}
2024-06-27 09:31:42 Error: [MissingActionException] Action LoginController::login() could not be found.
Exception Attributes: array (
  'controller' => 'LoginController',
  'action' => 'login',
)
Request URL: /
Stack Trace:
#0 /opt/sites/logincake-admin/www/lib/Cake/Routing/Dispatcher.php(193): Controller->invokeAction()
#1 /opt/sites/logincake-admin/www/lib/Cake/Routing/Dispatcher.php(167): Dispatcher->_invoke()
#2 /opt/sites/logincake-admin/www/app/webroot/index.php(117): Dispatcher->dispatch()
#3 {main}
2024-06-27 09:31:42 Error: [MissingActionException] Action LoginController::login() could not be found.
Exception Attributes: array (
  'controller' => 'LoginController',
  'action' => 'login',
)
Request URL: /
Stack Trace:
#0 /opt/sites/logincake-admin/www/lib/Cake/Routing/Dispatcher.php(193): Controller->invokeAction()
#1 /opt/sites/logincake-admin/www/lib/Cake/Routing/Dispatcher.php(167): Dispatcher->_invoke()
#2 /opt/sites/logincake-admin/www/app/webroot/index.php(117): Dispatcher->dispatch()
#3 {main}
2024-06-27 09:32:06 Error: [MissingActionException] Action LoginController::login() could not be found.
Exception Attributes: array (
  'controller' => 'LoginController',
  'action' => 'login',
)
Request URL: /
Stack Trace:
#0 /opt/sites/logincake-admin/www/lib/Cake/Routing/Dispatcher.php(193): Controller->invokeAction()
#1 /opt/sites/logincake-admin/www/lib/Cake/Routing/Dispatcher.php(167): Dispatcher->_invoke()
#2 /opt/sites/logincake-admin/www/app/webroot/index.php(117): Dispatcher->dispatch()
#3 {main}
2024-06-27 09:32:07 Error: [MissingActionException] Action LoginController::login() could not be found.
Exception Attributes: array (
  'controller' => 'LoginController',
  'action' => 'login',
)
Request URL: /
Stack Trace:
#0 /opt/sites/logincake-admin/www/lib/Cake/Routing/Dispatcher.php(193): Controller->invokeAction()
#1 /opt/sites/logincake-admin/www/lib/Cake/Routing/Dispatcher.php(167): Dispatcher->_invoke()
#2 /opt/sites/logincake-admin/www/app/webroot/index.php(117): Dispatcher->dispatch()
#3 {main}
2024-06-27 09:33:25 Error: [MissingActionException] Action LoginController::registro() could not be found.
Exception Attributes: array (
  'controller' => 'LoginController',
  'action' => 'registro',
)
Request URL: /login/registro
Stack Trace:
#0 /opt/sites/logincake-admin/www/lib/Cake/Routing/Dispatcher.php(193): Controller->invokeAction()
#1 /opt/sites/logincake-admin/www/lib/Cake/Routing/Dispatcher.php(167): Dispatcher->_invoke()
#2 /opt/sites/logincake-admin/www/app/webroot/index.php(117): Dispatcher->dispatch()
#3 {main}
2024-06-27 09:46:15 Error: [MissingViewException] View file "Login/registro.ctp" is missing.
Exception Attributes: array (
  'file' => 'Login/registro.ctp',
)
Request URL: /login/registro
Stack Trace:
#0 /opt/sites/logincake-admin/www/lib/Cake/View/View.php(470): View->_getViewFileName()
#1 /opt/sites/logincake-admin/www/lib/Cake/Controller/Controller.php(968): View->render()
#2 /opt/sites/logincake-admin/www/lib/Cake/Routing/Dispatcher.php(200): Controller->render()
#3 /opt/sites/logincake-admin/www/lib/Cake/Routing/Dispatcher.php(167): Dispatcher->_invoke()
#4 /opt/sites/logincake-admin/www/app/webroot/index.php(117): Dispatcher->dispatch()
#5 {main}
2024-06-27 09:46:19 Error: [MissingActionException] Action LoginController::add() could not be found.
Exception Attributes: array (
  'controller' => 'LoginController',
  'action' => 'add',
)
Request URL: /login/add
Stack Trace:
#0 /opt/sites/logincake-admin/www/lib/Cake/Routing/Dispatcher.php(193): Controller->invokeAction()
#1 /opt/sites/logincake-admin/www/lib/Cake/Routing/Dispatcher.php(167): Dispatcher->_invoke()
#2 /opt/sites/logincake-admin/www/app/webroot/index.php(117): Dispatcher->dispatch()
#3 {main}
2024-06-27 09:47:23 Error: [MissingControllerException] Controller class CssController could not be found.
Exception Attributes: array (
  'class' => 'CssController',
  'plugin' => NULL,
)
Request URL: /css/login.css
Stack Trace:
#0 /opt/sites/logincake-admin/www/app/webroot/index.php(117): Dispatcher->dispatch()
#1 {main}
2024-06-27 09:47:24 Error: [MissingControllerException] Controller class CssController could not be found.
Exception Attributes: array (
  'class' => 'CssController',
  'plugin' => NULL,
)
Request URL: /css/login.css
Stack Trace:
#0 /opt/sites/logincake-admin/www/app/webroot/index.php(117): Dispatcher->dispatch()
#1 {main}
2024-06-27 09:47:24 Error: [MissingControllerException] Controller class CssController could not be found.
Exception Attributes: array (
  'class' => 'CssController',
  'plugin' => NULL,
)
Request URL: /css/login.css
Stack Trace:
#0 /opt/sites/logincake-admin/www/app/webroot/index.php(117): Dispatcher->dispatch()
#1 {main}
2024-06-27 09:47:39 Error: [MissingActionException] Action LoginController::add() could not be found.
Exception Attributes: array (
  'controller' => 'LoginController',
  'action' => 'add',
)
Request URL: /login/add
Stack Trace:
#0 /opt/sites/logincake-admin/www/lib/Cake/Routing/Dispatcher.php(193): Controller->invokeAction()
#1 /opt/sites/logincake-admin/www/lib/Cake/Routing/Dispatcher.php(167): Dispatcher->_invoke()
#2 /opt/sites/logincake-admin/www/app/webroot/index.php(117): Dispatcher->dispatch()
#3 {main}
2024-06-27 09:49:12 Error: [MissingActionException] Action LoginController::add() could not be found.
Exception Attributes: array (
  'controller' => 'LoginController',
  'action' => 'add',
)
Request URL: /login/add
Stack Trace:
#0 /opt/sites/logincake-admin/www/lib/Cake/Routing/Dispatcher.php(193): Controller->invokeAction()
#1 /opt/sites/logincake-admin/www/lib/Cake/Routing/Dispatcher.php(167): Dispatcher->_invoke()
#2 /opt/sites/logincake-admin/www/app/webroot/index.php(117): Dispatcher->dispatch()
#3 {main}
2024-06-27 09:49:12 Error: [MissingActionException] Action LoginController::add() could not be found.
Exception Attributes: array (
  'controller' => 'LoginController',
  'action' => 'add',
)
Request URL: /login/add
Stack Trace:
#0 /opt/sites/logincake-admin/www/lib/Cake/Routing/Dispatcher.php(193): Controller->invokeAction()
#1 /opt/sites/logincake-admin/www/lib/Cake/Routing/Dispatcher.php(167): Dispatcher->_invoke()
#2 /opt/sites/logincake-admin/www/app/webroot/index.php(117): Dispatcher->dispatch()
#3 {main}
2024-06-27 09:49:43 Error: [MissingActionException] Action LoginController::add() could not be found.
Exception Attributes: array (
  'controller' => 'LoginController',
  'action' => 'add',
)
Request URL: /login/add
Stack Trace:
#0 /opt/sites/logincake-admin/www/lib/Cake/Routing/Dispatcher.php(193): Controller->invokeAction()
#1 /opt/sites/logincake-admin/www/lib/Cake/Routing/Dispatcher.php(167): Dispatcher->_invoke()
#2 /opt/sites/logincake-admin/www/app/webroot/index.php(117): Dispatcher->dispatch()
#3 {main}
2024-06-27 09:50:03 Error: [MissingActionException] Action LoginController::add() could not be found.
Exception Attributes: array (
  'controller' => 'LoginController',
  'action' => 'add',
)
Request URL: /login/add
Stack Trace:
#0 /opt/sites/logincake-admin/www/lib/Cake/Routing/Dispatcher.php(193): Controller->invokeAction()
#1 /opt/sites/logincake-admin/www/lib/Cake/Routing/Dispatcher.php(167): Dispatcher->_invoke()
#2 /opt/sites/logincake-admin/www/app/webroot/index.php(117): Dispatcher->dispatch()
#3 {main}
2024-06-27 09:50:03 Error: [MissingActionException] Action LoginController::add() could not be found.
Exception Attributes: array (
  'controller' => 'LoginController',
  'action' => 'add',
)
Request URL: /login/add
Stack Trace:
#0 /opt/sites/logincake-admin/www/lib/Cake/Routing/Dispatcher.php(193): Controller->invokeAction()
#1 /opt/sites/logincake-admin/www/lib/Cake/Routing/Dispatcher.php(167): Dispatcher->_invoke()
#2 /opt/sites/logincake-admin/www/app/webroot/index.php(117): Dispatcher->dispatch()
#3 {main}
2024-06-27 09:51:19 Error: [MissingActionException] Action LoginController::add() could not be found.
Exception Attributes: array (
  'controller' => 'LoginController',
  'action' => 'add',
)
Request URL: /login/add
Stack Trace:
#0 /opt/sites/logincake-admin/www/lib/Cake/Routing/Dispatcher.php(193): Controller->invokeAction()
#1 /opt/sites/logincake-admin/www/lib/Cake/Routing/Dispatcher.php(167): Dispatcher->_invoke()
#2 /opt/sites/logincake-admin/www/app/webroot/index.php(117): Dispatcher->dispatch()
#3 {main}
2024-06-27 09:51:19 Error: [MissingActionException] Action LoginController::add() could not be found.
Exception Attributes: array (
  'controller' => 'LoginController',
  'action' => 'add',
)
Request URL: /login/add
Stack Trace:
#0 /opt/sites/logincake-admin/www/lib/Cake/Routing/Dispatcher.php(193): Controller->invokeAction()
#1 /opt/sites/logincake-admin/www/lib/Cake/Routing/Dispatcher.php(167): Dispatcher->_invoke()
#2 /opt/sites/logincake-admin/www/app/webroot/index.php(117): Dispatcher->dispatch()
#3 {main}
2024-06-27 09:51:49 Error: [MissingActionException] Action LoginController::add() could not be found.
Exception Attributes: array (
  'controller' => 'LoginController',
  'action' => 'add',
)
Request URL: /login/add
Stack Trace:
#0 /opt/sites/logincake-admin/www/lib/Cake/Routing/Dispatcher.php(193): Controller->invokeAction()
#1 /opt/sites/logincake-admin/www/lib/Cake/Routing/Dispatcher.php(167): Dispatcher->_invoke()
#2 /opt/sites/logincake-admin/www/app/webroot/index.php(117): Dispatcher->dispatch()
#3 {main}
2024-06-27 09:51:50 Error: [MissingActionException] Action LoginController::add() could not be found.
Exception Attributes: array (
  'controller' => 'LoginController',
  'action' => 'add',
)
Request URL: /login/add
Stack Trace:
#0 /opt/sites/logincake-admin/www/lib/Cake/Routing/Dispatcher.php(193): Controller->invokeAction()
#1 /opt/sites/logincake-admin/www/lib/Cake/Routing/Dispatcher.php(167): Dispatcher->_invoke()
#2 /opt/sites/logincake-admin/www/app/webroot/index.php(117): Dispatcher->dispatch()
#3 {main}
2024-06-27 09:51:52 Error: [MissingActionException] Action LoginController::login() could not be found.
Exception Attributes: array (
  'controller' => 'LoginController',
  'action' => 'login',
)
Request URL: /
Stack Trace:
#0 /opt/sites/logincake-admin/www/lib/Cake/Routing/Dispatcher.php(193): Controller->invokeAction()
#1 /opt/sites/logincake-admin/www/lib/Cake/Routing/Dispatcher.php(167): Dispatcher->_invoke()
#2 /opt/sites/logincake-admin/www/app/webroot/index.php(117): Dispatcher->dispatch()
#3 {main}
2024-06-27 09:51:52 Error: [MissingActionException] Action LoginController::login() could not be found.
Exception Attributes: array (
  'controller' => 'LoginController',
  'action' => 'login',
)
Request URL: /
Stack Trace:
#0 /opt/sites/logincake-admin/www/lib/Cake/Routing/Dispatcher.php(193): Controller->invokeAction()
#1 /opt/sites/logincake-admin/www/lib/Cake/Routing/Dispatcher.php(167): Dispatcher->_invoke()
#2 /opt/sites/logincake-admin/www/app/webroot/index.php(117): Dispatcher->dispatch()
#3 {main}
2024-06-27 09:51:52 Error: [MissingActionException] Action LoginController::login() could not be found.
Exception Attributes: array (
  'controller' => 'LoginController',
  'action' => 'login',
)
Request URL: /
Stack Trace:
#0 /opt/sites/logincake-admin/www/lib/Cake/Routing/Dispatcher.php(193): Controller->invokeAction()
#1 /opt/sites/logincake-admin/www/lib/Cake/Routing/Dispatcher.php(167): Dispatcher->_invoke()
#2 /opt/sites/logincake-admin/www/app/webroot/index.php(117): Dispatcher->dispatch()
#3 {main}
2024-06-27 09:51:53 Error: [MissingActionException] Action LoginController::login() could not be found.
Exception Attributes: array (
  'controller' => 'LoginController',
  'action' => 'login',
)
Request URL: /
Stack Trace:
#0 /opt/sites/logincake-admin/www/lib/Cake/Routing/Dispatcher.php(193): Controller->invokeAction()
#1 /opt/sites/logincake-admin/www/lib/Cake/Routing/Dispatcher.php(167): Dispatcher->_invoke()
#2 /opt/sites/logincake-admin/www/app/webroot/index.php(117): Dispatcher->dispatch()
#3 {main}
2024-06-27 09:51:53 Error: [MissingActionException] Action LoginController::login() could not be found.
Exception Attributes: array (
  'controller' => 'LoginController',
  'action' => 'login',
)
Request URL: /
Stack Trace:
#0 /opt/sites/logincake-admin/www/lib/Cake/Routing/Dispatcher.php(193): Controller->invokeAction()
#1 /opt/sites/logincake-admin/www/lib/Cake/Routing/Dispatcher.php(167): Dispatcher->_invoke()
#2 /opt/sites/logincake-admin/www/app/webroot/index.php(117): Dispatcher->dispatch()
#3 {main}
2024-06-27 09:51:53 Error: [MissingActionException] Action LoginController::login() could not be found.
Exception Attributes: array (
  'controller' => 'LoginController',
  'action' => 'login',
)
Request URL: /
Stack Trace:
#0 /opt/sites/logincake-admin/www/lib/Cake/Routing/Dispatcher.php(193): Controller->invokeAction()
#1 /opt/sites/logincake-admin/www/lib/Cake/Routing/Dispatcher.php(167): Dispatcher->_invoke()
#2 /opt/sites/logincake-admin/www/app/webroot/index.php(117): Dispatcher->dispatch()
#3 {main}
2024-06-27 09:52:28 Error: [MissingActionException] Action LoginController::login() could not be found.
Exception Attributes: array (
  'controller' => 'LoginController',
  'action' => 'login',
)
Request URL: /
Stack Trace:
#0 /opt/sites/logincake-admin/www/lib/Cake/Routing/Dispatcher.php(193): Controller->invokeAction()
#1 /opt/sites/logincake-admin/www/lib/Cake/Routing/Dispatcher.php(167): Dispatcher->_invoke()
#2 /opt/sites/logincake-admin/www/app/webroot/index.php(117): Dispatcher->dispatch()
#3 {main}
2024-06-27 09:52:28 Error: [MissingActionException] Action LoginController::login() could not be found.
Exception Attributes: array (
  'controller' => 'LoginController',
  'action' => 'login',
)
Request URL: /
Stack Trace:
#0 /opt/sites/logincake-admin/www/lib/Cake/Routing/Dispatcher.php(193): Controller->invokeAction()
#1 /opt/sites/logincake-admin/www/lib/Cake/Routing/Dispatcher.php(167): Dispatcher->_invoke()
#2 /opt/sites/logincake-admin/www/app/webroot/index.php(117): Dispatcher->dispatch()
#3 {main}
2024-06-27 09:53:00 Error: [MissingActionException] Action LoginController::login() could not be found.
Exception Attributes: array (
  'controller' => 'LoginController',
  'action' => 'login',
)
Request URL: /
Stack Trace:
#0 /opt/sites/logincake-admin/www/lib/Cake/Routing/Dispatcher.php(193): Controller->invokeAction()
#1 /opt/sites/logincake-admin/www/lib/Cake/Routing/Dispatcher.php(167): Dispatcher->_invoke()
#2 /opt/sites/logincake-admin/www/app/webroot/index.php(117): Dispatcher->dispatch()
#3 {main}
2024-06-27 09:53:00 Error: [MissingActionException] Action LoginController::login() could not be found.
Exception Attributes: array (
  'controller' => 'LoginController',
  'action' => 'login',
)
Request URL: /
Stack Trace:
#0 /opt/sites/logincake-admin/www/lib/Cake/Routing/Dispatcher.php(193): Controller->invokeAction()
#1 /opt/sites/logincake-admin/www/lib/Cake/Routing/Dispatcher.php(167): Dispatcher->_invoke()
#2 /opt/sites/logincake-admin/www/app/webroot/index.php(117): Dispatcher->dispatch()
#3 {main}
2024-06-27 09:54:11 Error: [MissingActionException] Action LoginController::login() could not be found.
Exception Attributes: array (
  'controller' => 'LoginController',
  'action' => 'login',
)
Request URL: /
Stack Trace:
#0 /opt/sites/logincake-admin/www/lib/Cake/Routing/Dispatcher.php(193): Controller->invokeAction()
#1 /opt/sites/logincake-admin/www/lib/Cake/Routing/Dispatcher.php(167): Dispatcher->_invoke()
#2 /opt/sites/logincake-admin/www/app/webroot/index.php(117): Dispatcher->dispatch()
#3 {main}
2024-06-27 09:54:11 Error: [MissingActionException] Action LoginController::login() could not be found.
Exception Attributes: array (
  'controller' => 'LoginController',
  'action' => 'login',
)
Request URL: /
Stack Trace:
#0 /opt/sites/logincake-admin/www/lib/Cake/Routing/Dispatcher.php(193): Controller->invokeAction()
#1 /opt/sites/logincake-admin/www/lib/Cake/Routing/Dispatcher.php(167): Dispatcher->_invoke()
#2 /opt/sites/logincake-admin/www/app/webroot/index.php(117): Dispatcher->dispatch()
#3 {main}
2024-06-27 09:55:12 Error: [MissingActionException] Action LoginController::login() could not be found.
Exception Attributes: array (
  'controller' => 'LoginController',
  'action' => 'login',
)
Request URL: /
Stack Trace:
#0 /opt/sites/logincake-admin/www/lib/Cake/Routing/Dispatcher.php(193): Controller->invokeAction()
#1 /opt/sites/logincake-admin/www/lib/Cake/Routing/Dispatcher.php(167): Dispatcher->_invoke()
#2 /opt/sites/logincake-admin/www/app/webroot/index.php(117): Dispatcher->dispatch()
#3 {main}
2024-06-27 09:55:41 Error: [MissingControllerException] Controller class LoginController could not be found.
Exception Attributes: array (
  'class' => 'LoginController',
  'plugin' => NULL,
)
Request URL: /
Stack Trace:
#0 /opt/sites/logincake-admin/www/app/webroot/index.php(117): Dispatcher->dispatch()
#1 {main}
2024-06-27 09:55:41 Error: [MissingControllerException] Controller class LoginController could not be found.
Exception Attributes: array (
  'class' => 'LoginController',
  'plugin' => NULL,
)
Request URL: /
Stack Trace:
#0 /opt/sites/logincake-admin/www/app/webroot/index.php(117): Dispatcher->dispatch()
#1 {main}
2024-06-27 09:55:48 Error: [MissingActionException] Action LoginController::login() could not be found.
Exception Attributes: array (
  'controller' => 'LoginController',
  'action' => 'login',
)
Request URL: /
Stack Trace:
#0 /opt/sites/logincake-admin/www/lib/Cake/Routing/Dispatcher.php(193): Controller->invokeAction()
#1 /opt/sites/logincake-admin/www/lib/Cake/Routing/Dispatcher.php(167): Dispatcher->_invoke()
#2 /opt/sites/logincake-admin/www/app/webroot/index.php(117): Dispatcher->dispatch()
#3 {main}
2024-06-27 09:55:49 Error: [MissingActionException] Action LoginController::login() could not be found.
Exception Attributes: array (
  'controller' => 'LoginController',
  'action' => 'login',
)
Request URL: /
Stack Trace:
#0 /opt/sites/logincake-admin/www/lib/Cake/Routing/Dispatcher.php(193): Controller->invokeAction()
#1 /opt/sites/logincake-admin/www/lib/Cake/Routing/Dispatcher.php(167): Dispatcher->_invoke()
#2 /opt/sites/logincake-admin/www/app/webroot/index.php(117): Dispatcher->dispatch()
#3 {main}
2024-06-27 09:56:02 Error: [MissingActionException] Action LoginController::add() could not be found.
Exception Attributes: array (
  'controller' => 'LoginController',
  'action' => 'add',
)
Request URL: /login/add
Stack Trace:
#0 /opt/sites/logincake-admin/www/lib/Cake/Routing/Dispatcher.php(193): Controller->invokeAction()
#1 /opt/sites/logincake-admin/www/lib/Cake/Routing/Dispatcher.php(167): Dispatcher->_invoke()
#2 /opt/sites/logincake-admin/www/app/webroot/index.php(117): Dispatcher->dispatch()
#3 {main}
2024-06-27 10:09:43 Error: [MissingViewException] View file "Users/login.ctp" is missing.
Exception Attributes: array (
  'file' => 'Users/login.ctp',
)
Request URL: /
Stack Trace:
#0 /opt/sites/logincake-admin/www/lib/Cake/View/View.php(470): View->_getViewFileName()
#1 /opt/sites/logincake-admin/www/lib/Cake/Controller/Controller.php(968): View->render()
#2 /opt/sites/logincake-admin/www/lib/Cake/Routing/Dispatcher.php(200): Controller->render()
#3 /opt/sites/logincake-admin/www/lib/Cake/Routing/Dispatcher.php(167): Dispatcher->_invoke()
#4 /opt/sites/logincake-admin/www/app/webroot/index.php(117): Dispatcher->dispatch()
#5 {main}
2024-06-27 10:09:59 Error: [MissingViewException] View file "Users/login.ctp" is missing.
Exception Attributes: array (
  'file' => 'Users/login.ctp',
)
Request URL: /
Stack Trace:
#0 /opt/sites/logincake-admin/www/lib/Cake/View/View.php(470): View->_getViewFileName()
#1 /opt/sites/logincake-admin/www/lib/Cake/Controller/Controller.php(968): View->render()
#2 /opt/sites/logincake-admin/www/lib/Cake/Routing/Dispatcher.php(200): Controller->render()
#3 /opt/sites/logincake-admin/www/lib/Cake/Routing/Dispatcher.php(167): Dispatcher->_invoke()
#4 /opt/sites/logincake-admin/www/app/webroot/index.php(117): Dispatcher->dispatch()
#5 {main}
2024-06-27 10:09:59 Error: [MissingViewException] View file "Users/login.ctp" is missing.
Exception Attributes: array (
  'file' => 'Users/login.ctp',
)
Request URL: /
Stack Trace:
#0 /opt/sites/logincake-admin/www/lib/Cake/View/View.php(470): View->_getViewFileName()
#1 /opt/sites/logincake-admin/www/lib/Cake/Controller/Controller.php(968): View->render()
#2 /opt/sites/logincake-admin/www/lib/Cake/Routing/Dispatcher.php(200): Controller->render()
#3 /opt/sites/logincake-admin/www/lib/Cake/Routing/Dispatcher.php(167): Dispatcher->_invoke()
#4 /opt/sites/logincake-admin/www/app/webroot/index.php(117): Dispatcher->dispatch()
#5 {main}
2024-06-27 10:10:34 Error: [MissingActionException] Action LoginController::login() could not be found.
Exception Attributes: array (
  'controller' => 'LoginController',
  'action' => 'login',
)
Request URL: /
Stack Trace:
#0 /opt/sites/logincake-admin/www/lib/Cake/Routing/Dispatcher.php(193): Controller->invokeAction()
#1 /opt/sites/logincake-admin/www/lib/Cake/Routing/Dispatcher.php(167): Dispatcher->_invoke()
#2 /opt/sites/logincake-admin/www/app/webroot/index.php(117): Dispatcher->dispatch()
#3 {main}
2024-06-27 10:10:35 Error: [MissingActionException] Action LoginController::login() could not be found.
Exception Attributes: array (
  'controller' => 'LoginController',
  'action' => 'login',
)
Request URL: /
Stack Trace:
#0 /opt/sites/logincake-admin/www/lib/Cake/Routing/Dispatcher.php(193): Controller->invokeAction()
#1 /opt/sites/logincake-admin/www/lib/Cake/Routing/Dispatcher.php(167): Dispatcher->_invoke()
#2 /opt/sites/logincake-admin/www/app/webroot/index.php(117): Dispatcher->dispatch()
#3 {main}
2024-06-27 10:11:01 Error: [MissingViewException] View file "Users/login.ctp" is missing.
Exception Attributes: array (
  'file' => 'Users/login.ctp',
)
Request URL: /
Stack Trace:
#0 /opt/sites/logincake-admin/www/lib/Cake/View/View.php(470): View->_getViewFileName()
#1 /opt/sites/logincake-admin/www/lib/Cake/Controller/Controller.php(968): View->render()
#2 /opt/sites/logincake-admin/www/lib/Cake/Routing/Dispatcher.php(200): Controller->render()
#3 /opt/sites/logincake-admin/www/lib/Cake/Routing/Dispatcher.php(167): Dispatcher->_invoke()
#4 /opt/sites/logincake-admin/www/app/webroot/index.php(117): Dispatcher->dispatch()
#5 {main}
2024-06-27 10:16:23 Error: [MissingActionException] Action LoginController::add() could not be found.
Exception Attributes: array (
  'controller' => 'LoginController',
  'action' => 'add',
)
Request URL: /login/add
Stack Trace:
#0 /opt/sites/logincake-admin/www/lib/Cake/Routing/Dispatcher.php(193): Controller->invokeAction()
#1 /opt/sites/logincake-admin/www/lib/Cake/Routing/Dispatcher.php(167): Dispatcher->_invoke()
#2 /opt/sites/logincake-admin/www/app/webroot/index.php(117): Dispatcher->dispatch()
#3 {main}
2024-06-27 10:17:00 Error: [MissingActionException] Action LoginController::add() could not be found.
Exception Attributes: array (
  'controller' => 'LoginController',
  'action' => 'add',
)
Request URL: /login/add
Stack Trace:
#0 /opt/sites/logincake-admin/www/lib/Cake/Routing/Dispatcher.php(193): Controller->invokeAction()
#1 /opt/sites/logincake-admin/www/lib/Cake/Routing/Dispatcher.php(167): Dispatcher->_invoke()
#2 /opt/sites/logincake-admin/www/app/webroot/index.php(117): Dispatcher->dispatch()
#3 {main}
2024-06-27 10:17:01 Error: [MissingActionException] Action LoginController::add() could not be found.
Exception Attributes: array (
  'controller' => 'LoginController',
  'action' => 'add',
)
Request URL: /login/add
Stack Trace:
#0 /opt/sites/logincake-admin/www/lib/Cake/Routing/Dispatcher.php(193): Controller->invokeAction()
#1 /opt/sites/logincake-admin/www/lib/Cake/Routing/Dispatcher.php(167): Dispatcher->_invoke()
#2 /opt/sites/logincake-admin/www/app/webroot/index.php(117): Dispatcher->dispatch()
#3 {main}
2024-06-27 10:17:04 Error: [MissingActionException] Action LoginController::add() could not be found.
Exception Attributes: array (
  'controller' => 'LoginController',
  'action' => 'add',
)
Request URL: /login/add
Stack Trace:
#0 /opt/sites/logincake-admin/www/lib/Cake/Routing/Dispatcher.php(193): Controller->invokeAction()
#1 /opt/sites/logincake-admin/www/lib/Cake/Routing/Dispatcher.php(167): Dispatcher->_invoke()
#2 /opt/sites/logincake-admin/www/app/webroot/index.php(117): Dispatcher->dispatch()
#3 {main}
2024-06-27 10:17:04 Error: [MissingActionException] Action LoginController::add() could not be found.
Exception Attributes: array (
  'controller' => 'LoginController',
  'action' => 'add',
)
Request URL: /login/add
Stack Trace:
#0 /opt/sites/logincake-admin/www/lib/Cake/Routing/Dispatcher.php(193): Controller->invokeAction()
#1 /opt/sites/logincake-admin/www/lib/Cake/Routing/Dispatcher.php(167): Dispatcher->_invoke()
#2 /opt/sites/logincake-admin/www/app/webroot/index.php(117): Dispatcher->dispatch()
#3 {main}
2024-06-27 10:18:31 Error: [MissingActionException] Action LoginController::add() could not be found.
Exception Attributes: array (
  'controller' => 'LoginController',
  'action' => 'add',
)
Request URL: /login/add
Stack Trace:
#0 /opt/sites/logincake-admin/www/lib/Cake/Routing/Dispatcher.php(193): Controller->invokeAction()
#1 /opt/sites/logincake-admin/www/lib/Cake/Routing/Dispatcher.php(167): Dispatcher->_invoke()
#2 /opt/sites/logincake-admin/www/app/webroot/index.php(117): Dispatcher->dispatch()
#3 {main}
2024-06-27 10:19:14 Error: [MissingActionException] Action LoginController::add() could not be found.
Exception Attributes: array (
  'controller' => 'LoginController',
  'action' => 'add',
)
Request URL: /login/add
Stack Trace:
#0 /opt/sites/logincake-admin/www/lib/Cake/Routing/Dispatcher.php(193): Controller->invokeAction()
#1 /opt/sites/logincake-admin/www/lib/Cake/Routing/Dispatcher.php(167): Dispatcher->_invoke()
#2 /opt/sites/logincake-admin/www/app/webroot/index.php(117): Dispatcher->dispatch()
#3 {main}
2024-06-27 10:19:14 Error: [MissingActionException] Action LoginController::add() could not be found.
Exception Attributes: array (
  'controller' => 'LoginController',
  'action' => 'add',
)
Request URL: /login/add
Stack Trace:
#0 /opt/sites/logincake-admin/www/lib/Cake/Routing/Dispatcher.php(193): Controller->invokeAction()
#1 /opt/sites/logincake-admin/www/lib/Cake/Routing/Dispatcher.php(167): Dispatcher->_invoke()
#2 /opt/sites/logincake-admin/www/app/webroot/index.php(117): Dispatcher->dispatch()
#3 {main}
2024-06-27 10:19:15 Error: [MissingActionException] Action LoginController::add() could not be found.
Exception Attributes: array (
  'controller' => 'LoginController',
  'action' => 'add',
)
Request URL: /login/add
Stack Trace:
#0 /opt/sites/logincake-admin/www/lib/Cake/Routing/Dispatcher.php(193): Controller->invokeAction()
#1 /opt/sites/logincake-admin/www/lib/Cake/Routing/Dispatcher.php(167): Dispatcher->_invoke()
#2 /opt/sites/logincake-admin/www/app/webroot/index.php(117): Dispatcher->dispatch()
#3 {main}
2024-06-27 10:19:31 Error: [MissingActionException] Action LoginController::add() could not be found.
Exception Attributes: array (
  'controller' => 'LoginController',
  'action' => 'add',
)
Request URL: /login/add
Stack Trace:
#0 /opt/sites/logincake-admin/www/lib/Cake/Routing/Dispatcher.php(193): Controller->invokeAction()
#1 /opt/sites/logincake-admin/www/lib/Cake/Routing/Dispatcher.php(167): Dispatcher->_invoke()
#2 /opt/sites/logincake-admin/www/app/webroot/index.php(117): Dispatcher->dispatch()
#3 {main}
2024-06-27 10:19:37 Error: [MissingActionException] Action LoginController::add() could not be found.
Exception Attributes: array (
  'controller' => 'LoginController',
  'action' => 'add',
)
Request URL: /login/add
Stack Trace:
#0 /opt/sites/logincake-admin/www/lib/Cake/Routing/Dispatcher.php(193): Controller->invokeAction()
#1 /opt/sites/logincake-admin/www/lib/Cake/Routing/Dispatcher.php(167): Dispatcher->_invoke()
#2 /opt/sites/logincake-admin/www/app/webroot/index.php(117): Dispatcher->dispatch()
#3 {main}
2024-06-27 10:20:21 Error: [MissingActionException] Action LoginController::add() could not be found.
Exception Attributes: array (
  'controller' => 'LoginController',
  'action' => 'add',
)
Request URL: /login/add
Stack Trace:
#0 /opt/sites/logincake-admin/www/lib/Cake/Routing/Dispatcher.php(193): Controller->invokeAction()
#1 /opt/sites/logincake-admin/www/lib/Cake/Routing/Dispatcher.php(167): Dispatcher->_invoke()
#2 /opt/sites/logincake-admin/www/app/webroot/index.php(117): Dispatcher->dispatch()
#3 {main}
2024-06-27 10:20:21 Error: [MissingActionException] Action LoginController::add() could not be found.
Exception Attributes: array (
  'controller' => 'LoginController',
  'action' => 'add',
)
Request URL: /login/add
Stack Trace:
#0 /opt/sites/logincake-admin/www/lib/Cake/Routing/Dispatcher.php(193): Controller->invokeAction()
#1 /opt/sites/logincake-admin/www/lib/Cake/Routing/Dispatcher.php(167): Dispatcher->_invoke()
#2 /opt/sites/logincake-admin/www/app/webroot/index.php(117): Dispatcher->dispatch()
#3 {main}
2024-06-27 10:22:46 Error: [MissingTableException] Table users for model User was not found in datasource default.
Exception Attributes: array (
  'table' => 'users',
  'class' => 'User',
  'ds' => 'default',
)
Request URL: /users/add
Stack Trace:
#0 /opt/sites/logincake-admin/www/lib/Cake/Model/Model.php(3686): Model->setSource()
#1 /opt/sites/logincake-admin/www/lib/Cake/Model/Model.php(1394): Model->getDataSource()
#2 /opt/sites/logincake-admin/www/lib/Cake/Model/Model.php(1582): Model->schema()
#3 /opt/sites/logincake-admin/www/app/Controller/UsersController.php(7): Model->create()
#4 [internal function]: UsersController->add()
#5 /opt/sites/logincake-admin/www/lib/Cake/Controller/Controller.php(499): ReflectionMethod->invokeArgs()
#6 /opt/sites/logincake-admin/www/lib/Cake/Routing/Dispatcher.php(193): Controller->invokeAction()
#7 /opt/sites/logincake-admin/www/lib/Cake/Routing/Dispatcher.php(167): Dispatcher->_invoke()
#8 /opt/sites/logincake-admin/www/app/webroot/index.php(117): Dispatcher->dispatch()
#9 {main}
2024-06-27 10:27:11 Error: [PDOException] SQLSTATE[HY000]: General error: 1364 Field 'senha' doesn't have a default value
Request URL: /users/add
Stack Trace:
#0 /opt/sites/logincake-admin/www/lib/Cake/Model/Datasource/DboSource.php(502): PDOStatement->execute()
#1 /opt/sites/logincake-admin/www/lib/Cake/Model/Datasource/DboSource.php(468): DboSource->_execute()
#2 /opt/sites/logincake-admin/www/lib/Cake/Model/Datasource/DboSource.php(1132): DboSource->execute()
#3 /opt/sites/logincake-admin/www/lib/Cake/Model/Model.php(1942): DboSource->create()
#4 /opt/sites/logincake-admin/www/lib/Cake/Model/Model.php(1760): Model->_doSave()
#5 /opt/sites/logincake-admin/www/app/Controller/UsersController.php(8): Model->save()
#6 [internal function]: UsersController->add()
#7 /opt/sites/logincake-admin/www/lib/Cake/Controller/Controller.php(499): ReflectionMethod->invokeArgs()
#8 /opt/sites/logincake-admin/www/lib/Cake/Routing/Dispatcher.php(193): Controller->invokeAction()
#9 /opt/sites/logincake-admin/www/lib/Cake/Routing/Dispatcher.php(167): Dispatcher->_invoke()
#10 /opt/sites/logincake-admin/www/app/webroot/index.php(117): Dispatcher->dispatch()
#11 {main}
2024-06-27 10:29:39 Error: [PDOException] SQLSTATE[HY000]: General error: 1364 Field 'senha' doesn't have a default value
Request URL: /users/add
Stack Trace:
#0 /opt/sites/logincake-admin/www/lib/Cake/Model/Datasource/DboSource.php(502): PDOStatement->execute()
#1 /opt/sites/logincake-admin/www/lib/Cake/Model/Datasource/DboSource.php(468): DboSource->_execute()
#2 /opt/sites/logincake-admin/www/lib/Cake/Model/Datasource/DboSource.php(1132): DboSource->execute()
#3 /opt/sites/logincake-admin/www/lib/Cake/Model/Model.php(1942): DboSource->create()
#4 /opt/sites/logincake-admin/www/lib/Cake/Model/Model.php(1760): Model->_doSave()
#5 /opt/sites/logincake-admin/www/app/Controller/UsersController.php(8): Model->save()
#6 [internal function]: UsersController->add()
#7 /opt/sites/logincake-admin/www/lib/Cake/Controller/Controller.php(499): ReflectionMethod->invokeArgs()
#8 /opt/sites/logincake-admin/www/lib/Cake/Routing/Dispatcher.php(193): Controller->invokeAction()
#9 /opt/sites/logincake-admin/www/lib/Cake/Routing/Dispatcher.php(167): Dispatcher->_invoke()
#10 /opt/sites/logincake-admin/www/app/webroot/index.php(117): Dispatcher->dispatch()
#11 {main}
2024-06-27 10:30:25 Error: [PDOException] SQLSTATE[42S22]: Column not found: 1054 Unknown column 'User.email' in 'where clause'
Request URL: /users/add
Stack Trace:
#0 /opt/sites/logincake-admin/www/lib/Cake/Model/Datasource/DboSource.php(502): PDOStatement->execute()
#1 /opt/sites/logincake-admin/www/lib/Cake/Model/Datasource/DboSource.php(468): DboSource->_execute()
#2 /opt/sites/logincake-admin/www/lib/Cake/Model/Datasource/DboSource.php(715): DboSource->execute()
#3 /opt/sites/logincake-admin/www/lib/Cake/Model/Datasource/DboSource.php(1226): DboSource->fetchAll()
#4 /opt/sites/logincake-admin/www/lib/Cake/Model/Model.php(3053): DboSource->read()
#5 /opt/sites/logincake-admin/www/lib/Cake/Model/Model.php(3025): Model->_readDataSource()
#6 /opt/sites/logincake-admin/www/lib/Cake/Model/Model.php(3462): Model->find()
#7 /opt/sites/logincake-admin/www/lib/Cake/Model/Validator/CakeValidationRule.php(275): Model->isUnique()
#8 /opt/sites/logincake-admin/www/lib/Cake/Model/Validator/CakeValidationSet.php(135): CakeValidationRule->process()
#9 /opt/sites/logincake-admin/www/lib/Cake/Model/ModelValidator.php(268): CakeValidationSet->validate()
#10 /opt/sites/logincake-admin/www/lib/Cake/Model/ModelValidator.php(99): ModelValidator->errors()
#11 /opt/sites/logincake-admin/www/lib/Cake/Model/Model.php(3502): ModelValidator->validates()
#12 /opt/sites/logincake-admin/www/lib/Cake/Model/Model.php(1838): Model->validates()
#13 /opt/sites/logincake-admin/www/lib/Cake/Model/Model.php(1760): Model->_doSave()
#14 /opt/sites/logincake-admin/www/app/Controller/UsersController.php(8): Model->save()
#15 [internal function]: UsersController->add()
#16 /opt/sites/logincake-admin/www/lib/Cake/Controller/Controller.php(499): ReflectionMethod->invokeArgs()
#17 /opt/sites/logincake-admin/www/lib/Cake/Routing/Dispatcher.php(193): Controller->invokeAction()
#18 /opt/sites/logincake-admin/www/lib/Cake/Routing/Dispatcher.php(167): Dispatcher->_invoke()
#19 /opt/sites/logincake-admin/www/app/webroot/index.php(117): Dispatcher->dispatch()
#20 {main}
2024-06-27 10:34:16 Error: [PDOException] SQLSTATE[HY000]: General error: 1364 Field 'username' doesn't have a default value
Request URL: /users/add
Stack Trace:
#0 /opt/sites/logincake-admin/www/lib/Cake/Model/Datasource/DboSource.php(502): PDOStatement->execute()
#1 /opt/sites/logincake-admin/www/lib/Cake/Model/Datasource/DboSource.php(468): DboSource->_execute()
#2 /opt/sites/logincake-admin/www/lib/Cake/Model/Datasource/DboSource.php(1132): DboSource->execute()
#3 /opt/sites/logincake-admin/www/lib/Cake/Model/Model.php(1942): DboSource->create()
#4 /opt/sites/logincake-admin/www/lib/Cake/Model/Model.php(1760): Model->_doSave()
#5 /opt/sites/logincake-admin/www/app/Controller/UsersController.php(8): Model->save()
#6 [internal function]: UsersController->add()
#7 /opt/sites/logincake-admin/www/lib/Cake/Controller/Controller.php(499): ReflectionMethod->invokeArgs()
#8 /opt/sites/logincake-admin/www/lib/Cake/Routing/Dispatcher.php(193): Controller->invokeAction()
#9 /opt/sites/logincake-admin/www/lib/Cake/Routing/Dispatcher.php(167): Dispatcher->_invoke()
#10 /opt/sites/logincake-admin/www/app/webroot/index.php(117): Dispatcher->dispatch()
#11 {main}
2024-06-27 10:39:45 Error: [MissingTableException] Table users for model User was not found in datasource default.
Exception Attributes: array (
  'table' => 'users',
  'class' => 'User',
  'ds' => 'default',
)
Request URL: /users/add
Stack Trace:
#0 /opt/sites/logincake-admin/www/lib/Cake/Model/Model.php(3686): Model->setSource()
#1 /opt/sites/logincake-admin/www/lib/Cake/Model/Model.php(1394): Model->getDataSource()
#2 /opt/sites/logincake-admin/www/lib/Cake/Model/Model.php(1582): Model->schema()
#3 /opt/sites/logincake-admin/www/app/Controller/UsersController.php(7): Model->create()
#4 [internal function]: UsersController->add()
#5 /opt/sites/logincake-admin/www/lib/Cake/Controller/Controller.php(499): ReflectionMethod->invokeArgs()
#6 /opt/sites/logincake-admin/www/lib/Cake/Routing/Dispatcher.php(193): Controller->invokeAction()
#7 /opt/sites/logincake-admin/www/lib/Cake/Routing/Dispatcher.php(167): Dispatcher->_invoke()
#8 /opt/sites/logincake-admin/www/app/webroot/index.php(117): Dispatcher->dispatch()
#9 {main}
2024-06-27 10:40:21 Error: [MissingTableException] Table users for model User was not found in datasource default.
Exception Attributes: array (
  'table' => 'users',
  'class' => 'User',
  'ds' => 'default',
)
Request URL: /users/add
Stack Trace:
#0 /opt/sites/logincake-admin/www/lib/Cake/Model/Model.php(3686): Model->setSource()
#1 /opt/sites/logincake-admin/www/lib/Cake/Model/Model.php(1394): Model->getDataSource()
#2 /opt/sites/logincake-admin/www/lib/Cake/Model/Model.php(1582): Model->schema()
#3 /opt/sites/logincake-admin/www/app/Controller/UsersController.php(7): Model->create()
#4 [internal function]: UsersController->add()
#5 /opt/sites/logincake-admin/www/lib/Cake/Controller/Controller.php(499): ReflectionMethod->invokeArgs()
#6 /opt/sites/logincake-admin/www/lib/Cake/Routing/Dispatcher.php(193): Controller->invokeAction()
#7 /opt/sites/logincake-admin/www/lib/Cake/Routing/Dispatcher.php(167): Dispatcher->_invoke()
#8 /opt/sites/logincake-admin/www/app/webroot/index.php(117): Dispatcher->dispatch()
#9 {main}
2024-06-27 10:40:22 Error: [MissingTableException] Table users for model User was not found in datasource default.
Exception Attributes: array (
  'table' => 'users',
  'class' => 'User',
  'ds' => 'default',
)
Request URL: /users/add
Stack Trace:
#0 /opt/sites/logincake-admin/www/lib/Cake/Model/Model.php(3686): Model->setSource()
#1 /opt/sites/logincake-admin/www/lib/Cake/Model/Model.php(1394): Model->getDataSource()
#2 /opt/sites/logincake-admin/www/lib/Cake/View/Helper/FormHelper.php(215): Model->schema()
#3 /opt/sites/logincake-admin/www/lib/Cake/View/Helper/FormHelper.php(480): FormHelper->_introspectModel()
#4 /opt/sites/logincake-admin/www/app/View/Users/add.ctp(21): FormHelper->create()
#5 /opt/sites/logincake-admin/www/lib/Cake/View/View.php(971): include('/opt/sites/logi...')
#6 /opt/sites/logincake-admin/www/lib/Cake/View/View.php(933): View->_evaluate()
#7 /opt/sites/logincake-admin/www/lib/Cake/View/View.php(473): View->_render()
#8 /opt/sites/logincake-admin/www/lib/Cake/Controller/Controller.php(968): View->render()
#9 /opt/sites/logincake-admin/www/lib/Cake/Routing/Dispatcher.php(200): Controller->render()
#10 /opt/sites/logincake-admin/www/lib/Cake/Routing/Dispatcher.php(167): Dispatcher->_invoke()
#11 /opt/sites/logincake-admin/www/app/webroot/index.php(117): Dispatcher->dispatch()
#12 {main}
2024-06-27 10:40:29 Error: [MissingTableException] Table users for model User was not found in datasource default.
Exception Attributes: array (
  'table' => 'users',
  'class' => 'User',
  'ds' => 'default',
)
Request URL: /users/add
Stack Trace:
#0 /opt/sites/logincake-admin/www/lib/Cake/Model/Model.php(3686): Model->setSource()
#1 /opt/sites/logincake-admin/www/lib/Cake/Model/Model.php(1394): Model->getDataSource()
#2 /opt/sites/logincake-admin/www/lib/Cake/View/Helper/FormHelper.php(215): Model->schema()
#3 /opt/sites/logincake-admin/www/lib/Cake/View/Helper/FormHelper.php(480): FormHelper->_introspectModel()
#4 /opt/sites/logincake-admin/www/app/View/Users/add.ctp(21): FormHelper->create()
#5 /opt/sites/logincake-admin/www/lib/Cake/View/View.php(971): include('/opt/sites/logi...')
#6 /opt/sites/logincake-admin/www/lib/Cake/View/View.php(933): View->_evaluate()
#7 /opt/sites/logincake-admin/www/lib/Cake/View/View.php(473): View->_render()
#8 /opt/sites/logincake-admin/www/lib/Cake/Controller/Controller.php(968): View->render()
#9 /opt/sites/logincake-admin/www/lib/Cake/Routing/Dispatcher.php(200): Controller->render()
#10 /opt/sites/logincake-admin/www/lib/Cake/Routing/Dispatcher.php(167): Dispatcher->_invoke()
#11 /opt/sites/logincake-admin/www/app/webroot/index.php(117): Dispatcher->dispatch()
#12 {main}
2024-06-27 12:15:47 Error: [MissingTableException] Table logins for model Login was not found in datasource default.
Exception Attributes: array (
  'table' => 'logins',
  'class' => 'Login',
  'ds' => 'default',
)
Request URL: /login
Stack Trace:
#0 /opt/sites/logincake-admin/www/lib/Cake/Model/Model.php(3686): Model->setSource()
#1 /opt/sites/logincake-admin/www/lib/Cake/Model/Model.php(3053): Model->getDataSource()
#2 /opt/sites/logincake-admin/www/lib/Cake/Model/Model.php(3025): Model->_readDataSource()
#3 /opt/sites/logincake-admin/www/app/Controller/LoginController.php(7): Model->find()
#4 [internal function]: LoginController->index()
#5 /opt/sites/logincake-admin/www/lib/Cake/Controller/Controller.php(499): ReflectionMethod->invokeArgs()
#6 /opt/sites/logincake-admin/www/lib/Cake/Routing/Dispatcher.php(193): Controller->invokeAction()
#7 /opt/sites/logincake-admin/www/lib/Cake/Routing/Dispatcher.php(167): Dispatcher->_invoke()
#8 /opt/sites/logincake-admin/www/app/webroot/index.php(117): Dispatcher->dispatch()
#9 {main}
2024-06-27 12:18:46 Error: [MissingControllerException] Controller class CssController could not be found.
Exception Attributes: array (
  'class' => 'CssController',
  'plugin' => NULL,
)
Request URL: /css/dashboard.css
Stack Trace:
#0 /opt/sites/logincake-admin/www/app/webroot/index.php(117): Dispatcher->dispatch()
#1 {main}
2024-06-27 12:18:46 Error: [MissingControllerException] Controller class ImgController could not be found.
Exception Attributes: array (
  'class' => 'ImgController',
  'plugin' => NULL,
)
Request URL: /img/circulo-azul-com-usuario-branco.png
Stack Trace:
#0 /opt/sites/logincake-admin/www/app/webroot/index.php(117): Dispatcher->dispatch()
#1 {main}
2024-06-27 12:19:06 Error: [MissingControllerException] Controller class CssController could not be found.
Exception Attributes: array (
  'class' => 'CssController',
  'plugin' => NULL,
)
Request URL: /css/dashboard.css
Stack Trace:
#0 /opt/sites/logincake-admin/www/app/webroot/index.php(117): Dispatcher->dispatch()
#1 {main}
2024-06-27 12:19:06 Error: [MissingControllerException] Controller class ImgController could not be found.
Exception Attributes: array (
  'class' => 'ImgController',
  'plugin' => NULL,
)
Request URL: /img/circulo-azul-com-usuario-branco.png
Stack Trace:
#0 /opt/sites/logincake-admin/www/app/webroot/index.php(117): Dispatcher->dispatch()
#1 {main}
2024-06-27 12:19:08 Error: [MissingControllerException] Controller class CssController could not be found.
Exception Attributes: array (
  'class' => 'CssController',
  'plugin' => NULL,
)
Request URL: /css/dashboard.css
Stack Trace:
#0 /opt/sites/logincake-admin/www/app/webroot/index.php(117): Dispatcher->dispatch()
#1 {main}
2024-06-27 12:19:08 Error: [MissingControllerException] Controller class ImgController could not be found.
Exception Attributes: array (
  'class' => 'ImgController',
  'plugin' => NULL,
)
Request URL: /img/circulo-azul-com-usuario-branco.png
Stack Trace:
#0 /opt/sites/logincake-admin/www/app/webroot/index.php(117): Dispatcher->dispatch()
#1 {main}
2024-06-27 12:19:52 Error: [MissingControllerException] Controller class CssController could not be found.
Exception Attributes: array (
  'class' => 'CssController',
  'plugin' => NULL,
)
Request URL: /css/dashboard.css
Stack Trace:
#0 /opt/sites/logincake-admin/www/app/webroot/index.php(117): Dispatcher->dispatch()
#1 {main}
2024-06-27 12:19:52 Error: [MissingControllerException] Controller class ImgController could not be found.
Exception Attributes: array (
  'class' => 'ImgController',
  'plugin' => NULL,
)
Request URL: /img/circulo-azul-com-usuario-branco.png
Stack Trace:
#0 /opt/sites/logincake-admin/www/app/webroot/index.php(117): Dispatcher->dispatch()
#1 {main}
2024-06-27 12:20:21 Error: [MissingControllerException] Controller class CssController could not be found.
Exception Attributes: array (
  'class' => 'CssController',
  'plugin' => NULL,
)
Request URL: /css/dashboard.css
Stack Trace:
#0 /opt/sites/logincake-admin/www/app/webroot/index.php(117): Dispatcher->dispatch()
#1 {main}
2024-06-27 12:20:22 Error: [MissingControllerException] Controller class CssController could not be found.
Exception Attributes: array (
  'class' => 'CssController',
  'plugin' => NULL,
)
Request URL: /css/dashboard.css
Stack Trace:
#0 /opt/sites/logincake-admin/www/app/webroot/index.php(117): Dispatcher->dispatch()
#1 {main}
2024-06-27 12:20:57 Error: [MissingControllerException] Controller class CssController could not be found.
Exception Attributes: array (
  'class' => 'CssController',
  'plugin' => NULL,
)
Request URL: /css/dashboard.css
Stack Trace:
#0 /opt/sites/logincake-admin/www/app/webroot/index.php(117): Dispatcher->dispatch()
#1 {main}
2024-06-27 12:21:38 Error: [MissingControllerException] Controller class CssController could not be found.
Exception Attributes: array (
  'class' => 'CssController',
  'plugin' => NULL,
)
Request URL: /css/dashboard.css
Stack Trace:
#0 /opt/sites/logincake-admin/www/app/webroot/index.php(117): Dispatcher->dispatch()
#1 {main}
2024-06-27 12:21:38 Error: [MissingControllerException] Controller class ImgController could not be found.
Exception Attributes: array (
  'class' => 'ImgController',
  'plugin' => NULL,
)
Request URL: /img/circulo-azul-com-usuario-branco.png
Stack Trace:
#0 /opt/sites/logincake-admin/www/app/webroot/index.php(117): Dispatcher->dispatch()
#1 {main}
2024-06-28 09:04:49 Error: [MissingControllerException] Controller class CssController could not be found.
Exception Attributes: array (
  'class' => 'CssController',
  'plugin' => NULL,
)
Request URL: /css/dashboard.css
Stack Trace:
#0 /opt/sites/logincake-admin/www/app/webroot/index.php(117): Dispatcher->dispatch()
#1 {main}
2024-06-28 09:04:49 Error: [MissingControllerException] Controller class ImgController could not be found.
Exception Attributes: array (
  'class' => 'ImgController',
  'plugin' => NULL,
)
Request URL: /img/circulo-azul-com-usuario-branco.png
Stack Trace:
#0 /opt/sites/logincake-admin/www/app/webroot/index.php(117): Dispatcher->dispatch()
#1 {main}
2024-06-28 09:05:07 Error: [MissingControllerException] Controller class CssController could not be found.
Exception Attributes: array (
  'class' => 'CssController',
  'plugin' => NULL,
)
Request URL: /css/dashboard.css
Stack Trace:
#0 /opt/sites/logincake-admin/www/app/webroot/index.php(117): Dispatcher->dispatch()
#1 {main}
2024-06-28 09:05:07 Error: [MissingControllerException] Controller class ImgController could not be found.
Exception Attributes: array (
  'class' => 'ImgController',
  'plugin' => NULL,
)
Request URL: /img/circulo-azul-com-usuario-branco.png
Stack Trace:
#0 /opt/sites/logincake-admin/www/app/webroot/index.php(117): Dispatcher->dispatch()
#1 {main}
2024-06-28 09:05:48 Error: [MissingControllerException] Controller class ImgController could not be found.
Exception Attributes: array (
  'class' => 'ImgController',
  'plugin' => NULL,
)
Request URL: /img/circulo-azul-com-usuario-branco.png
Stack Trace:
#0 /opt/sites/logincake-admin/www/app/webroot/index.php(117): Dispatcher->dispatch()
#1 {main}
2024-06-28 09:05:49 Error: [MissingControllerException] Controller class ImgController could not be found.
Exception Attributes: array (
  'class' => 'ImgController',
  'plugin' => NULL,
)
Request URL: /img/circulo-azul-com-usuario-branco.png
Stack Trace:
#0 /opt/sites/logincake-admin/www/app/webroot/index.php(117): Dispatcher->dispatch()
#1 {main}
2024-06-28 09:05:56 Error: [MissingControllerException] Controller class ImgController could not be found.
Exception Attributes: array (
  'class' => 'ImgController',
  'plugin' => NULL,
)
Request URL: /img/circulo-azul-com-usuario-branco.png
Stack Trace:
#0 /opt/sites/logincake-admin/www/app/webroot/index.php(117): Dispatcher->dispatch()
#1 {main}
2024-06-28 09:07:08 Error: [MissingControllerException] Controller class ImgController could not be found.
Exception Attributes: array (
  'class' => 'ImgController',
  'plugin' => NULL,
)
Request URL: /img/circulo-azul-com-usuario-branco.png
Stack Trace:
#0 /opt/sites/logincake-admin/www/app/webroot/index.php(117): Dispatcher->dispatch()
#1 {main}
2024-06-28 09:07:19 Error: [MissingControllerException] Controller class ImgController could not be found.
Exception Attributes: array (
  'class' => 'ImgController',
  'plugin' => NULL,
)
Request URL: /img/circulo-azul-com-usuario-branco.png
Stack Trace:
#0 /opt/sites/logincake-admin/www/app/webroot/index.php(117): Dispatcher->dispatch()
#1 {main}
2024-06-28 09:07:32 Error: [MissingControllerException] Controller class ImgController could not be found.
Exception Attributes: array (
  'class' => 'ImgController',
  'plugin' => NULL,
)
Request URL: /img/circulo-azul-com-usuario-branco.png
Stack Trace:
#0 /opt/sites/logincake-admin/www/app/webroot/index.php(117): Dispatcher->dispatch()
#1 {main}
2024-06-28 09:07:52 Error: [MissingControllerException] Controller class ImgController could not be found.
Exception Attributes: array (
  'class' => 'ImgController',
  'plugin' => NULL,
)
Request URL: /img/circulo-azul-com-usuario-branco.png
Stack Trace:
#0 /opt/sites/logincake-admin/www/app/webroot/index.php(117): Dispatcher->dispatch()
#1 {main}
2024-06-28 09:07:55 Error: [MissingControllerException] Controller class ImgController could not be found.
Exception Attributes: array (
  'class' => 'ImgController',
  'plugin' => NULL,
)
Request URL: /img/circulo-azul-com-usuario-branco.png
Stack Trace:
#0 /opt/sites/logincake-admin/www/app/webroot/index.php(117): Dispatcher->dispatch()
#1 {main}
2024-06-28 09:08:07 Error: [MissingControllerException] Controller class ImgController could not be found.
Exception Attributes: array (
  'class' => 'ImgController',
  'plugin' => NULL,
)
Request URL: /img/circulo-azul-com-usuario-branco.png
Stack Trace:
#0 /opt/sites/logincake-admin/www/app/webroot/index.php(117): Dispatcher->dispatch()
#1 {main}
2024-06-28 09:17:30 Error: [MissingControllerException] Controller class ImgController could not be found.
Exception Attributes: array (
  'class' => 'ImgController',
  'plugin' => NULL,
)
Request URL: /img/circulo-azul-com-usuario-branco.png
Stack Trace:
#0 /opt/sites/logincake-admin/www/app/webroot/index.php(117): Dispatcher->dispatch()
#1 {main}
2024-06-28 09:17:42 Error: [MissingControllerException] Controller class ImgController could not be found.
Exception Attributes: array (
  'class' => 'ImgController',
  'plugin' => NULL,
)
Request URL: /img/circulo-azul-com-usuario-branco.png
Stack Trace:
#0 /opt/sites/logincake-admin/www/app/webroot/index.php(117): Dispatcher->dispatch()
#1 {main}
2024-06-28 09:17:51 Error: [MissingControllerException] Controller class ImgController could not be found.
Exception Attributes: array (
  'class' => 'ImgController',
  'plugin' => NULL,
)
Request URL: /img/circulo-azul-com-usuario-branco.png
Stack Trace:
#0 /opt/sites/logincake-admin/www/app/webroot/index.php(117): Dispatcher->dispatch()
#1 {main}
2024-06-28 09:20:32 Error: [MissingViewException] View file "Login/index.ctp" is missing.
Exception Attributes: array (
  'file' => 'Login/index.ctp',
)
Request URL: /login
Stack Trace:
#0 /opt/sites/logincake-admin/www/lib/Cake/View/View.php(470): View->_getViewFileName()
#1 /opt/sites/logincake-admin/www/lib/Cake/Controller/Controller.php(968): View->render()
#2 /opt/sites/logincake-admin/www/lib/Cake/Routing/Dispatcher.php(200): Controller->render()
#3 /opt/sites/logincake-admin/www/lib/Cake/Routing/Dispatcher.php(167): Dispatcher->_invoke()
#4 /opt/sites/logincake-admin/www/app/webroot/index.php(117): Dispatcher->dispatch()
#5 {main}
2024-06-28 09:20:49 Error: [MissingViewException] View file "Login/index.ctp" is missing.
Exception Attributes: array (
  'file' => 'Login/index.ctp',
)
Request URL: /login
Stack Trace:
#0 /opt/sites/logincake-admin/www/lib/Cake/View/View.php(470): View->_getViewFileName()
#1 /opt/sites/logincake-admin/www/lib/Cake/Controller/Controller.php(968): View->render()
#2 /opt/sites/logincake-admin/www/lib/Cake/Routing/Dispatcher.php(200): Controller->render()
#3 /opt/sites/logincake-admin/www/lib/Cake/Routing/Dispatcher.php(167): Dispatcher->_invoke()
#4 /opt/sites/logincake-admin/www/app/webroot/index.php(117): Dispatcher->dispatch()
#5 {main}
2024-06-28 09:20:55 Error: [MissingControllerException] Controller class ImgController could not be found.
Exception Attributes: array (
  'class' => 'ImgController',
  'plugin' => NULL,
)
Request URL: /img/circulo-azul-com-usuario-branco.png
Stack Trace:
#0 /opt/sites/logincake-admin/www/app/webroot/index.php(117): Dispatcher->dispatch()
#1 {main}
2024-06-28 09:22:26 Error: [Error] Call to a member function find() on null
Request URL: /login
Stack Trace:
#0 [internal function]: LoginController->index()
#1 /opt/sites/logincake-admin/www/lib/Cake/Controller/Controller.php(499): ReflectionMethod->invokeArgs()
#2 /opt/sites/logincake-admin/www/lib/Cake/Routing/Dispatcher.php(193): Controller->invokeAction()
#3 /opt/sites/logincake-admin/www/lib/Cake/Routing/Dispatcher.php(167): Dispatcher->_invoke()
#4 /opt/sites/logincake-admin/www/app/webroot/index.php(117): Dispatcher->dispatch()
#5 {main}
2024-06-28 09:23:13 Error: [Error] Call to a member function find() on null
Request URL: /login
Stack Trace:
#0 [internal function]: LoginController->index()
#1 /opt/sites/logincake-admin/www/lib/Cake/Controller/Controller.php(499): ReflectionMethod->invokeArgs()
#2 /opt/sites/logincake-admin/www/lib/Cake/Routing/Dispatcher.php(193): Controller->invokeAction()
#3 /opt/sites/logincake-admin/www/lib/Cake/Routing/Dispatcher.php(167): Dispatcher->_invoke()
#4 /opt/sites/logincake-admin/www/app/webroot/index.php(117): Dispatcher->dispatch()
#5 {main}
2024-06-28 09:23:25 Error: [Error] Call to a member function find() on null
Request URL: /login
Stack Trace:
#0 [internal function]: LoginController->index()
#1 /opt/sites/logincake-admin/www/lib/Cake/Controller/Controller.php(499): ReflectionMethod->invokeArgs()
#2 /opt/sites/logincake-admin/www/lib/Cake/Routing/Dispatcher.php(193): Controller->invokeAction()
#3 /opt/sites/logincake-admin/www/lib/Cake/Routing/Dispatcher.php(167): Dispatcher->_invoke()
#4 /opt/sites/logincake-admin/www/app/webroot/index.php(117): Dispatcher->dispatch()
#5 {main}
2024-06-28 09:23:25 Error: [Error] Call to a member function find() on null
Request URL: /login
Stack Trace:
#0 [internal function]: LoginController->index()
#1 /opt/sites/logincake-admin/www/lib/Cake/Controller/Controller.php(499): ReflectionMethod->invokeArgs()
#2 /opt/sites/logincake-admin/www/lib/Cake/Routing/Dispatcher.php(193): Controller->invokeAction()
#3 /opt/sites/logincake-admin/www/lib/Cake/Routing/Dispatcher.php(167): Dispatcher->_invoke()
#4 /opt/sites/logincake-admin/www/app/webroot/index.php(117): Dispatcher->dispatch()
#5 {main}
2024-06-28 09:25:15 Error: [Error] Call to a member function find() on null
Request URL: /login
Stack Trace:
#0 [internal function]: LoginController->index()
#1 /opt/sites/logincake-admin/www/lib/Cake/Controller/Controller.php(499): ReflectionMethod->invokeArgs()
#2 /opt/sites/logincake-admin/www/lib/Cake/Routing/Dispatcher.php(193): Controller->invokeAction()
#3 /opt/sites/logincake-admin/www/lib/Cake/Routing/Dispatcher.php(167): Dispatcher->_invoke()
#4 /opt/sites/logincake-admin/www/app/webroot/index.php(117): Dispatcher->dispatch()
#5 {main}
2024-06-28 09:25:15 Error: [Error] Call to a member function find() on null
Request URL: /login
Stack Trace:
#0 [internal function]: LoginController->index()
#1 /opt/sites/logincake-admin/www/lib/Cake/Controller/Controller.php(499): ReflectionMethod->invokeArgs()
#2 /opt/sites/logincake-admin/www/lib/Cake/Routing/Dispatcher.php(193): Controller->invokeAction()
#3 /opt/sites/logincake-admin/www/lib/Cake/Routing/Dispatcher.php(167): Dispatcher->_invoke()
#4 /opt/sites/logincake-admin/www/app/webroot/index.php(117): Dispatcher->dispatch()
#5 {main}
2024-06-28 09:25:16 Error: [Error] Call to a member function find() on null
Request URL: /login
Stack Trace:
#0 [internal function]: LoginController->index()
#1 /opt/sites/logincake-admin/www/lib/Cake/Controller/Controller.php(499): ReflectionMethod->invokeArgs()
#2 /opt/sites/logincake-admin/www/lib/Cake/Routing/Dispatcher.php(193): Controller->invokeAction()
#3 /opt/sites/logincake-admin/www/lib/Cake/Routing/Dispatcher.php(167): Dispatcher->_invoke()
#4 /opt/sites/logincake-admin/www/app/webroot/index.php(117): Dispatcher->dispatch()
#5 {main}
2024-06-28 09:25:16 Error: [Error] Call to a member function find() on null
Request URL: /login
Stack Trace:
#0 [internal function]: LoginController->index()
#1 /opt/sites/logincake-admin/www/lib/Cake/Controller/Controller.php(499): ReflectionMethod->invokeArgs()
#2 /opt/sites/logincake-admin/www/lib/Cake/Routing/Dispatcher.php(193): Controller->invokeAction()
#3 /opt/sites/logincake-admin/www/lib/Cake/Routing/Dispatcher.php(167): Dispatcher->_invoke()
#4 /opt/sites/logincake-admin/www/app/webroot/index.php(117): Dispatcher->dispatch()
#5 {main}
2024-06-28 09:25:22 Error: [Error] Call to a member function find() on null
Request URL: /login
Stack Trace:
#0 [internal function]: LoginController->index()
#1 /opt/sites/logincake-admin/www/lib/Cake/Controller/Controller.php(499): ReflectionMethod->invokeArgs()
#2 /opt/sites/logincake-admin/www/lib/Cake/Routing/Dispatcher.php(193): Controller->invokeAction()
#3 /opt/sites/logincake-admin/www/lib/Cake/Routing/Dispatcher.php(167): Dispatcher->_invoke()
#4 /opt/sites/logincake-admin/www/app/webroot/index.php(117): Dispatcher->dispatch()
#5 {main}
2024-06-28 09:25:22 Error: [Error] Call to a member function find() on null
Request URL: /login
Stack Trace:
#0 [internal function]: LoginController->index()
#1 /opt/sites/logincake-admin/www/lib/Cake/Controller/Controller.php(499): ReflectionMethod->invokeArgs()
#2 /opt/sites/logincake-admin/www/lib/Cake/Routing/Dispatcher.php(193): Controller->invokeAction()
#3 /opt/sites/logincake-admin/www/lib/Cake/Routing/Dispatcher.php(167): Dispatcher->_invoke()
#4 /opt/sites/logincake-admin/www/app/webroot/index.php(117): Dispatcher->dispatch()
#5 {main}
2024-06-28 09:25:23 Error: [Error] Call to a member function find() on null
Request URL: /login
Stack Trace:
#0 [internal function]: LoginController->index()
#1 /opt/sites/logincake-admin/www/lib/Cake/Controller/Controller.php(499): ReflectionMethod->invokeArgs()
#2 /opt/sites/logincake-admin/www/lib/Cake/Routing/Dispatcher.php(193): Controller->invokeAction()
#3 /opt/sites/logincake-admin/www/lib/Cake/Routing/Dispatcher.php(167): Dispatcher->_invoke()
#4 /opt/sites/logincake-admin/www/app/webroot/index.php(117): Dispatcher->dispatch()
#5 {main}
2024-06-28 09:26:31 Error: [Error] Call to a member function find() on null
Request URL: /login
Stack Trace:
#0 [internal function]: LoginController->index()
#1 /opt/sites/logincake-admin/www/lib/Cake/Controller/Controller.php(499): ReflectionMethod->invokeArgs()
#2 /opt/sites/logincake-admin/www/lib/Cake/Routing/Dispatcher.php(193): Controller->invokeAction()
#3 /opt/sites/logincake-admin/www/lib/Cake/Routing/Dispatcher.php(167): Dispatcher->_invoke()
#4 /opt/sites/logincake-admin/www/app/webroot/index.php(117): Dispatcher->dispatch()
#5 {main}
2024-06-28 09:26:33 Error: [Error] Call to a member function find() on null
Request URL: /login
Stack Trace:
#0 [internal function]: LoginController->index()
#1 /opt/sites/logincake-admin/www/lib/Cake/Controller/Controller.php(499): ReflectionMethod->invokeArgs()
#2 /opt/sites/logincake-admin/www/lib/Cake/Routing/Dispatcher.php(193): Controller->invokeAction()
#3 /opt/sites/logincake-admin/www/lib/Cake/Routing/Dispatcher.php(167): Dispatcher->_invoke()
#4 /opt/sites/logincake-admin/www/app/webroot/index.php(117): Dispatcher->dispatch()
#5 {main}
2024-06-28 09:26:37 Error: [Error] Call to a member function find() on null
Request URL: /login
Stack Trace:
#0 [internal function]: LoginController->index()
#1 /opt/sites/logincake-admin/www/lib/Cake/Controller/Controller.php(499): ReflectionMethod->invokeArgs()
#2 /opt/sites/logincake-admin/www/lib/Cake/Routing/Dispatcher.php(193): Controller->invokeAction()
#3 /opt/sites/logincake-admin/www/lib/Cake/Routing/Dispatcher.php(167): Dispatcher->_invoke()
#4 /opt/sites/logincake-admin/www/app/webroot/index.php(117): Dispatcher->dispatch()
#5 {main}
2024-06-28 09:33:08 Error: [Error] Call to a member function find() on null
Request URL: /login
Stack Trace:
#0 [internal function]: LoginController->index()
#1 /opt/sites/logincake-admin/www/lib/Cake/Controller/Controller.php(499): ReflectionMethod->invokeArgs()
#2 /opt/sites/logincake-admin/www/lib/Cake/Routing/Dispatcher.php(193): Controller->invokeAction()
#3 /opt/sites/logincake-admin/www/lib/Cake/Routing/Dispatcher.php(167): Dispatcher->_invoke()
#4 /opt/sites/logincake-admin/www/app/webroot/index.php(117): Dispatcher->dispatch()
#5 {main}
2024-06-28 09:35:24 Error: [Error] Call to a member function find() on null
Request URL: /login
Stack Trace:
#0 [internal function]: LoginController->index()
#1 /opt/sites/logincake-admin/www/lib/Cake/Controller/Controller.php(499): ReflectionMethod->invokeArgs()
#2 /opt/sites/logincake-admin/www/lib/Cake/Routing/Dispatcher.php(193): Controller->invokeAction()
#3 /opt/sites/logincake-admin/www/lib/Cake/Routing/Dispatcher.php(167): Dispatcher->_invoke()
#4 /opt/sites/logincake-admin/www/app/webroot/index.php(117): Dispatcher->dispatch()
#5 {main}
2024-06-28 09:35:24 Error: [Error] Call to a member function find() on null
Request URL: /login
Stack Trace:
#0 [internal function]: LoginController->index()
#1 /opt/sites/logincake-admin/www/lib/Cake/Controller/Controller.php(499): ReflectionMethod->invokeArgs()
#2 /opt/sites/logincake-admin/www/lib/Cake/Routing/Dispatcher.php(193): Controller->invokeAction()
#3 /opt/sites/logincake-admin/www/lib/Cake/Routing/Dispatcher.php(167): Dispatcher->_invoke()
#4 /opt/sites/logincake-admin/www/app/webroot/index.php(117): Dispatcher->dispatch()
#5 {main}
2024-06-28 09:35:25 Error: [Error] Call to a member function find() on null
Request URL: /login
Stack Trace:
#0 [internal function]: LoginController->index()
#1 /opt/sites/logincake-admin/www/lib/Cake/Controller/Controller.php(499): ReflectionMethod->invokeArgs()
#2 /opt/sites/logincake-admin/www/lib/Cake/Routing/Dispatcher.php(193): Controller->invokeAction()
#3 /opt/sites/logincake-admin/www/lib/Cake/Routing/Dispatcher.php(167): Dispatcher->_invoke()
#4 /opt/sites/logincake-admin/www/app/webroot/index.php(117): Dispatcher->dispatch()
#5 {main}
2024-06-28 09:36:16 Error: [Error] Call to a member function find() on null
Request URL: /login
Stack Trace:
#0 [internal function]: LoginController->index()
#1 /opt/sites/logincake-admin/www/lib/Cake/Controller/Controller.php(499): ReflectionMethod->invokeArgs()
#2 /opt/sites/logincake-admin/www/lib/Cake/Routing/Dispatcher.php(193): Controller->invokeAction()
#3 /opt/sites/logincake-admin/www/lib/Cake/Routing/Dispatcher.php(167): Dispatcher->_invoke()
#4 /opt/sites/logincake-admin/www/app/webroot/index.php(117): Dispatcher->dispatch()
#5 {main}
2024-06-28 09:36:16 Error: [Error] Call to a member function find() on null
Request URL: /login
Stack Trace:
#0 [internal function]: LoginController->index()
#1 /opt/sites/logincake-admin/www/lib/Cake/Controller/Controller.php(499): ReflectionMethod->invokeArgs()
#2 /opt/sites/logincake-admin/www/lib/Cake/Routing/Dispatcher.php(193): Controller->invokeAction()
#3 /opt/sites/logincake-admin/www/lib/Cake/Routing/Dispatcher.php(167): Dispatcher->_invoke()
#4 /opt/sites/logincake-admin/www/app/webroot/index.php(117): Dispatcher->dispatch()
#5 {main}
2024-06-28 09:36:16 Error: [Error] Call to a member function find() on null
Request URL: /login
Stack Trace:
#0 [internal function]: LoginController->index()
#1 /opt/sites/logincake-admin/www/lib/Cake/Controller/Controller.php(499): ReflectionMethod->invokeArgs()
#2 /opt/sites/logincake-admin/www/lib/Cake/Routing/Dispatcher.php(193): Controller->invokeAction()
#3 /opt/sites/logincake-admin/www/lib/Cake/Routing/Dispatcher.php(167): Dispatcher->_invoke()
#4 /opt/sites/logincake-admin/www/app/webroot/index.php(117): Dispatcher->dispatch()
#5 {main}
2024-06-28 09:36:17 Error: [Error] Call to a member function find() on null
Request URL: /login
Stack Trace:
#0 [internal function]: LoginController->index()
#1 /opt/sites/logincake-admin/www/lib/Cake/Controller/Controller.php(499): ReflectionMethod->invokeArgs()
#2 /opt/sites/logincake-admin/www/lib/Cake/Routing/Dispatcher.php(193): Controller->invokeAction()
#3 /opt/sites/logincake-admin/www/lib/Cake/Routing/Dispatcher.php(167): Dispatcher->_invoke()
#4 /opt/sites/logincake-admin/www/app/webroot/index.php(117): Dispatcher->dispatch()
#5 {main}
2024-06-28 09:36:17 Error: [Error] Call to a member function find() on null
Request URL: /login
Stack Trace:
#0 [internal function]: LoginController->index()
#1 /opt/sites/logincake-admin/www/lib/Cake/Controller/Controller.php(499): ReflectionMethod->invokeArgs()
#2 /opt/sites/logincake-admin/www/lib/Cake/Routing/Dispatcher.php(193): Controller->invokeAction()
#3 /opt/sites/logincake-admin/www/lib/Cake/Routing/Dispatcher.php(167): Dispatcher->_invoke()
#4 /opt/sites/logincake-admin/www/app/webroot/index.php(117): Dispatcher->dispatch()
#5 {main}
2024-06-28 09:36:17 Error: [Error] Call to a member function find() on null
Request URL: /login
Stack Trace:
#0 [internal function]: LoginController->index()
#1 /opt/sites/logincake-admin/www/lib/Cake/Controller/Controller.php(499): ReflectionMethod->invokeArgs()
#2 /opt/sites/logincake-admin/www/lib/Cake/Routing/Dispatcher.php(193): Controller->invokeAction()
#3 /opt/sites/logincake-admin/www/lib/Cake/Routing/Dispatcher.php(167): Dispatcher->_invoke()
#4 /opt/sites/logincake-admin/www/app/webroot/index.php(117): Dispatcher->dispatch()
#5 {main}
2024-06-28 09:36:18 Error: [Error] Call to a member function find() on null
Request URL: /login
Stack Trace:
#0 [internal function]: LoginController->index()
#1 /opt/sites/logincake-admin/www/lib/Cake/Controller/Controller.php(499): ReflectionMethod->invokeArgs()
#2 /opt/sites/logincake-admin/www/lib/Cake/Routing/Dispatcher.php(193): Controller->invokeAction()
#3 /opt/sites/logincake-admin/www/lib/Cake/Routing/Dispatcher.php(167): Dispatcher->_invoke()
#4 /opt/sites/logincake-admin/www/app/webroot/index.php(117): Dispatcher->dispatch()
#5 {main}
2024-06-28 09:36:18 Error: [Error] Call to a member function find() on null
Request URL: /login
Stack Trace:
#0 [internal function]: LoginController->index()
#1 /opt/sites/logincake-admin/www/lib/Cake/Controller/Controller.php(499): ReflectionMethod->invokeArgs()
#2 /opt/sites/logincake-admin/www/lib/Cake/Routing/Dispatcher.php(193): Controller->invokeAction()
#3 /opt/sites/logincake-admin/www/lib/Cake/Routing/Dispatcher.php(167): Dispatcher->_invoke()
#4 /opt/sites/logincake-admin/www/app/webroot/index.php(117): Dispatcher->dispatch()
#5 {main}
2024-06-28 09:36:18 Error: [Error] Call to a member function find() on null
Request URL: /login
Stack Trace:
#0 [internal function]: LoginController->index()
#1 /opt/sites/logincake-admin/www/lib/Cake/Controller/Controller.php(499): ReflectionMethod->invokeArgs()
#2 /opt/sites/logincake-admin/www/lib/Cake/Routing/Dispatcher.php(193): Controller->invokeAction()
#3 /opt/sites/logincake-admin/www/lib/Cake/Routing/Dispatcher.php(167): Dispatcher->_invoke()
#4 /opt/sites/logincake-admin/www/app/webroot/index.php(117): Dispatcher->dispatch()
#5 {main}
2024-06-28 09:36:18 Error: [Error] Call to a member function find() on null
Request URL: /login
Stack Trace:
#0 [internal function]: LoginController->index()
#1 /opt/sites/logincake-admin/www/lib/Cake/Controller/Controller.php(499): ReflectionMethod->invokeArgs()
#2 /opt/sites/logincake-admin/www/lib/Cake/Routing/Dispatcher.php(193): Controller->invokeAction()
#3 /opt/sites/logincake-admin/www/lib/Cake/Routing/Dispatcher.php(167): Dispatcher->_invoke()
#4 /opt/sites/logincake-admin/www/app/webroot/index.php(117): Dispatcher->dispatch()
#5 {main}
2024-06-28 09:36:23 Error: [Error] Call to a member function find() on null
Request URL: /login
Stack Trace:
#0 [internal function]: LoginController->index()
#1 /opt/sites/logincake-admin/www/lib/Cake/Controller/Controller.php(499): ReflectionMethod->invokeArgs()
#2 /opt/sites/logincake-admin/www/lib/Cake/Routing/Dispatcher.php(193): Controller->invokeAction()
#3 /opt/sites/logincake-admin/www/lib/Cake/Routing/Dispatcher.php(167): Dispatcher->_invoke()
#4 /opt/sites/logincake-admin/www/app/webroot/index.php(117): Dispatcher->dispatch()
#5 {main}
2024-06-28 09:38:03 Error: [Error] Call to a member function find() on null
Request URL: /login
Stack Trace:
#0 [internal function]: LoginController->index()
#1 /opt/sites/logincake-admin/www/lib/Cake/Controller/Controller.php(499): ReflectionMethod->invokeArgs()
#2 /opt/sites/logincake-admin/www/lib/Cake/Routing/Dispatcher.php(193): Controller->invokeAction()
#3 /opt/sites/logincake-admin/www/lib/Cake/Routing/Dispatcher.php(167): Dispatcher->_invoke()
#4 /opt/sites/logincake-admin/www/app/webroot/index.php(117): Dispatcher->dispatch()
#5 {main}
2024-06-28 09:38:03 Error: [Error] Call to a member function find() on null
Request URL: /login
Stack Trace:
#0 [internal function]: LoginController->index()
#1 /opt/sites/logincake-admin/www/lib/Cake/Controller/Controller.php(499): ReflectionMethod->invokeArgs()
#2 /opt/sites/logincake-admin/www/lib/Cake/Routing/Dispatcher.php(193): Controller->invokeAction()
#3 /opt/sites/logincake-admin/www/lib/Cake/Routing/Dispatcher.php(167): Dispatcher->_invoke()
#4 /opt/sites/logincake-admin/www/app/webroot/index.php(117): Dispatcher->dispatch()
#5 {main}
2024-06-28 09:38:04 Error: [Error] Call to a member function find() on null
Request URL: /login
Stack Trace:
#0 [internal function]: LoginController->index()
#1 /opt/sites/logincake-admin/www/lib/Cake/Controller/Controller.php(499): ReflectionMethod->invokeArgs()
#2 /opt/sites/logincake-admin/www/lib/Cake/Routing/Dispatcher.php(193): Controller->invokeAction()
#3 /opt/sites/logincake-admin/www/lib/Cake/Routing/Dispatcher.php(167): Dispatcher->_invoke()
#4 /opt/sites/logincake-admin/www/app/webroot/index.php(117): Dispatcher->dispatch()
#5 {main}
2024-06-28 09:39:30 Error: [Error] Call to a member function find() on null
Request URL: /login
Stack Trace:
#0 [internal function]: LoginController->index()
#1 /opt/sites/logincake-admin/www/lib/Cake/Controller/Controller.php(499): ReflectionMethod->invokeArgs()
#2 /opt/sites/logincake-admin/www/lib/Cake/Routing/Dispatcher.php(193): Controller->invokeAction()
#3 /opt/sites/logincake-admin/www/lib/Cake/Routing/Dispatcher.php(167): Dispatcher->_invoke()
#4 /opt/sites/logincake-admin/www/app/webroot/index.php(117): Dispatcher->dispatch()
#5 {main}
2024-06-28 09:39:45 Error: [MissingControllerException] Controller class Login]Controller could not be found.
Exception Attributes: array (
  'class' => 'Login]Controller',
  'plugin' => NULL,
)
Request URL: /login]
Stack Trace:
#0 /opt/sites/logincake-admin/www/app/webroot/index.php(117): Dispatcher->dispatch()
#1 {main}
2024-06-28 09:39:48 Error: [Error] Call to a member function find() on null
Request URL: /login
Stack Trace:
#0 [internal function]: LoginController->index()
#1 /opt/sites/logincake-admin/www/lib/Cake/Controller/Controller.php(499): ReflectionMethod->invokeArgs()
#2 /opt/sites/logincake-admin/www/lib/Cake/Routing/Dispatcher.php(193): Controller->invokeAction()
#3 /opt/sites/logincake-admin/www/lib/Cake/Routing/Dispatcher.php(167): Dispatcher->_invoke()
#4 /opt/sites/logincake-admin/www/app/webroot/index.php(117): Dispatcher->dispatch()
#5 {main}
2024-06-28 09:39:59 Error: [Error] Call to a member function find() on null
Request URL: /login
Stack Trace:
#0 [internal function]: LoginController->index()
#1 /opt/sites/logincake-admin/www/lib/Cake/Controller/Controller.php(499): ReflectionMethod->invokeArgs()
#2 /opt/sites/logincake-admin/www/lib/Cake/Routing/Dispatcher.php(193): Controller->invokeAction()
#3 /opt/sites/logincake-admin/www/lib/Cake/Routing/Dispatcher.php(167): Dispatcher->_invoke()
#4 /opt/sites/logincake-admin/www/app/webroot/index.php(117): Dispatcher->dispatch()
#5 {main}
2024-06-28 11:24:15 Error: [MissingViewException] View file "Users/index.ctp" is missing.
Exception Attributes: array (
  'file' => 'Users/index.ctp',
)
Request URL: /users
Stack Trace:
#0 /opt/sites/logincake-admin/www/lib/Cake/View/View.php(470): View->_getViewFileName()
#1 /opt/sites/logincake-admin/www/lib/Cake/Controller/Controller.php(968): View->render()
#2 /opt/sites/logincake-admin/www/lib/Cake/Routing/Dispatcher.php(200): Controller->render()
#3 /opt/sites/logincake-admin/www/lib/Cake/Routing/Dispatcher.php(167): Dispatcher->_invoke()
#4 /opt/sites/logincake-admin/www/app/webroot/index.php(117): Dispatcher->dispatch()
#5 {main}
2024-06-28 11:24:16 Error: [MissingViewException] View file "Users/index.ctp" is missing.
Exception Attributes: array (
  'file' => 'Users/index.ctp',
)
Request URL: /users
Stack Trace:
#0 /opt/sites/logincake-admin/www/lib/Cake/View/View.php(470): View->_getViewFileName()
#1 /opt/sites/logincake-admin/www/lib/Cake/Controller/Controller.php(968): View->render()
#2 /opt/sites/logincake-admin/www/lib/Cake/Routing/Dispatcher.php(200): Controller->render()
#3 /opt/sites/logincake-admin/www/lib/Cake/Routing/Dispatcher.php(167): Dispatcher->_invoke()
#4 /opt/sites/logincake-admin/www/app/webroot/index.php(117): Dispatcher->dispatch()
#5 {main}
2024-06-28 11:24:30 Error: [MissingViewException] View file "Users/index.ctp" is missing.
Exception Attributes: array (
  'file' => 'Users/index.ctp',
)
Request URL: /users
Stack Trace:
#0 /opt/sites/logincake-admin/www/lib/Cake/View/View.php(470): View->_getViewFileName()
#1 /opt/sites/logincake-admin/www/lib/Cake/Controller/Controller.php(968): View->render()
#2 /opt/sites/logincake-admin/www/lib/Cake/Routing/Dispatcher.php(200): Controller->render()
#3 /opt/sites/logincake-admin/www/lib/Cake/Routing/Dispatcher.php(167): Dispatcher->_invoke()
#4 /opt/sites/logincake-admin/www/app/webroot/index.php(117): Dispatcher->dispatch()
#5 {main}
